[debug] > Exec(early(addDefaultCommands), None, None)
[debug] > Exec(addDefaultCommands, None, None)
[debug] > Exec(early(initialize), None, None)
[debug] > Exec(initialize, None, None)
[debug] > Exec(boot, None, None)
[debug] > Exec(writeSbtVersion, None, None)
[debug] > Exec(reload, None, None)
[debug] > Exec(sbtStashOnFailure, None, None)
[debug] > Exec(onFailure loadFailed, None, None)
[debug] > Exec(loadp, None, None)
[info] welcome to sbt 1.6.1 (Amazon.com Inc. Java 11.0.13)
[debug]       Load.loadUnit: plugins took 261.306006ms
[debug]       Load.loadUnit: defsScala took 0.571713ms
[debug] [Loading] Scanning directory /home/knoldus/.sbt/1.0/plugins
[debug] [Loading] Found non-root projects 
[debug] [Loading] Done in /home/knoldus/.sbt/1.0/plugins, returning: ()
[debug] deducing auto plugins based on known facts Set(Atom(sbt.plugins.CorePlugin)) and clauses Clauses(Clause(Atom(sbt.plugins.JvmPlugin),Set(Atom(sbt.plugins.IvyPlugin)))
[debug] Clause(Atom(sbt.ScriptedPlugin),Set(Atom(sbt.plugins.JvmPlugin)))
[debug] Clause(Atom(sbt.plugins.SbtPlugin),Set(Atom(sbt.ScriptedPlugin)))
[debug] Clause(Atom(sbt.plugins.SemanticdbPlugin),Set(Atom(sbt.plugins.JvmPlugin)))
[debug] Clause(Atom(sbt.plugins.JUnitXmlReportPlugin),Set(Atom(sbt.plugins.JvmPlugin)))
[debug] Clause(Atom(sbt.plugins.MiniDependencyTreePlugin),Set(Atom(sbt.plugins.JvmPlugin)))
[debug] Clause(Atom(sbt.plugins.CorePlugin),Set(Atom(sbt.plugins.IvyPlugin)))
[debug] Clause(Atom(sbt.plugins.IvyPlugin),Set(Atom(sbt.plugins.JvmPlugin)))
[debug] Clause(Atom(sbt.plugins.JvmPlugin),Set(Atom(sbt.plugins.SemanticdbPlugin)))
[debug] Clause(Atom(sbt.plugins.JvmPlugin),Set(Atom(sbt.plugins.JUnitXmlReportPlugin)))
[debug] Clause(Atom(sbt.plugins.CorePlugin),Set(Atom(sbt.plugins.Giter8TemplatePlugin)))
[debug] Clause(Atom(sbt.plugins.JvmPlugin),Set(Atom(sbt.plugins.MiniDependencyTreePlugin))))
[debug]   :: deduced result: Matched(sbt.plugins.CorePlugin,sbt.plugins.Giter8TemplatePlugin,sbt.plugins.IvyPlugin,sbt.plugins.JvmPlugin,sbt.plugins.MiniDependencyTreePlugin,sbt.plugins.JUnitXmlReportPlugin,sbt.plugins.SemanticdbPlugin)
[debug] Plugins.deducer#function took 116.30959 ms
[debug]           Load.resolveProject(global-plugins) took 237.352088ms
[debug]         Load.loadTransitive: finalizeProject(Project(id global-plugins, base: /home/knoldus/.sbt/1.0/plugins, plugins: List(<none>))) took 478.044624ms
[debug] [Loading] Done in /home/knoldus/.sbt/1.0/plugins, returning: (global-plugins)
[debug]       Load.loadUnit: loadedProjectsRaw took 635.119745ms
[debug]       Load.loadUnit: cleanEvalClasses took 0.607898ms
[debug]     Load.loadUnit(file:/home/knoldus/.sbt/1.0/plugins/, ...) took 987.868892ms
[debug]   Load.apply: load took 1631.614359ms
[debug]   Load.apply: resolveProjects took 13.882088ms
[debug]   Load.apply: finalTransforms took 266.833099ms
[debug]   Load.apply: config.delegates took 19.408775ms
[debug]   Load.apply: Def.make(settings)... took 1424.843326ms
[debug]   Load.apply: structureIndex took 407.674376ms
[debug]   Load.apply: mkStreams took 2.291151ms
[info] loading global plugins from /home/knoldus/.sbt/1.0/plugins
[debug] Running task... Cancel: Signal, check cycles: false, forcegc: true
[debug] Load.defaultLoad until apply took 8711.560337ms
[debug]           Load.loadUnit: plugins took 55.806169ms
[debug]           Load.loadUnit: defsScala took 0.006391ms
[debug] [Loading] Scanning directory /home/knoldus/SCALA/KUP_Recursion/project
[debug] [Loading] Found non-root projects 
[debug] [Loading] Done in /home/knoldus/SCALA/KUP_Recursion/project, returning: ()
[debug] deducing auto plugins based on known facts Set(Atom(sbt.plugins.CorePlugin)) and clauses Clauses(Clause(Atom(sbt.plugins.JvmPlugin),Set(Atom(sbt.plugins.IvyPlugin)))
[debug] Clause(Atom(sbt.ScriptedPlugin),Set(Atom(sbt.plugins.JvmPlugin)))
[debug] Clause(Atom(sbt.plugins.SbtPlugin),Set(Atom(sbt.ScriptedPlugin)))
[debug] Clause(Atom(sbt.plugins.SemanticdbPlugin),Set(Atom(sbt.plugins.JvmPlugin)))
[debug] Clause(Atom(sbt.plugins.JUnitXmlReportPlugin),Set(Atom(sbt.plugins.JvmPlugin)))
[debug] Clause(Atom(sbt.plugins.MiniDependencyTreePlugin),Set(Atom(sbt.plugins.JvmPlugin)))
[debug] Clause(Atom(sbt.plugins.CorePlugin),Set(Atom(sbt.plugins.IvyPlugin)))
[debug] Clause(Atom(sbt.plugins.IvyPlugin),Set(Atom(sbt.plugins.JvmPlugin)))
[debug] Clause(Atom(sbt.plugins.JvmPlugin),Set(Atom(sbt.plugins.SemanticdbPlugin)))
[debug] Clause(Atom(sbt.plugins.JvmPlugin),Set(Atom(sbt.plugins.JUnitXmlReportPlugin)))
[debug] Clause(Atom(sbt.plugins.CorePlugin),Set(Atom(sbt.plugins.Giter8TemplatePlugin)))
[debug] Clause(Atom(sbt.plugins.JvmPlugin),Set(Atom(sbt.plugins.MiniDependencyTreePlugin))))
[debug]   :: deduced result: Matched(sbt.plugins.CorePlugin,sbt.plugins.Giter8TemplatePlugin,sbt.plugins.IvyPlugin,sbt.plugins.JvmPlugin,sbt.plugins.MiniDependencyTreePlugin,sbt.plugins.JUnitXmlReportPlugin,sbt.plugins.SemanticdbPlugin)
[debug] Plugins.deducer#function took 15.615808 ms
[debug]               Load.resolveProject(kup_recursion-build) took 2.177192ms
[debug]             Load.loadTransitive: finalizeProject(Project(id kup_recursion-build, base: /home/knoldus/SCALA/KUP_Recursion/project, plugins: List(<none>))) took 20.607486ms
[debug] [Loading] Done in /home/knoldus/SCALA/KUP_Recursion/project, returning: (kup_recursion-build)
[debug]           Load.loadUnit: loadedProjectsRaw took 30.255721ms
[debug]           Load.loadUnit: cleanEvalClasses took 0.029847ms
[debug]         Load.loadUnit(file:/home/knoldus/SCALA/KUP_Recursion/project/, ...) took 88.331569ms
[debug]       Load.apply: load took 93.56509ms
[debug]       Load.apply: resolveProjects took 0.600957ms
[debug]       Load.apply: finalTransforms took 51.09615ms
[debug]       Load.apply: config.delegates took 0.912529ms
[debug]       Load.apply: Def.make(settings)... took 309.654148ms
[debug]       Load.apply: structureIndex took 61.713625ms
[debug]       Load.apply: mkStreams took 0.003183ms
[info] loading project definition from /home/knoldus/SCALA/KUP_Recursion/project
[debug] Running task... Cancel: Signal, check cycles: false, forcegc: true
[debug]     Load.loadUnit: plugins took 1060.542393ms
[debug]     Load.loadUnit: defsScala took 0.004472ms
[debug] [Loading] Scanning directory /home/knoldus/SCALA/KUP_Recursion
[debug]       Load.loadUnit: mkEval took 9.453855ms
[debug] [Loading] Found root project root w/ remaining 
[debug] deducing auto plugins based on known facts Set(Atom(sbt.plugins.CorePlugin)) and clauses Clauses(Clause(Atom(sbt.plugins.JvmPlugin),Set(Atom(sbt.plugins.IvyPlugin)))
[debug] Clause(Atom(sbt.ScriptedPlugin),Set(Atom(sbt.plugins.JvmPlugin)))
[debug] Clause(Atom(sbt.plugins.SbtPlugin),Set(Atom(sbt.ScriptedPlugin)))
[debug] Clause(Atom(sbt.plugins.SemanticdbPlugin),Set(Atom(sbt.plugins.JvmPlugin)))
[debug] Clause(Atom(sbt.plugins.JUnitXmlReportPlugin),Set(Atom(sbt.plugins.JvmPlugin)))
[debug] Clause(Atom(sbt.plugins.MiniDependencyTreePlugin),Set(Atom(sbt.plugins.JvmPlugin)))
[debug] Clause(Atom(sbt.plugins.CorePlugin),Set(Atom(sbt.plugins.IvyPlugin)))
[debug] Clause(Atom(sbt.plugins.IvyPlugin),Set(Atom(sbt.plugins.JvmPlugin)))
[debug] Clause(Atom(sbt.plugins.JvmPlugin),Set(Atom(sbt.plugins.SemanticdbPlugin)))
[debug] Clause(Atom(sbt.plugins.JvmPlugin),Set(Atom(sbt.plugins.JUnitXmlReportPlugin)))
[debug] Clause(Atom(sbt.plugins.CorePlugin),Set(Atom(sbt.plugins.Giter8TemplatePlugin)))
[debug] Clause(Atom(sbt.plugins.JvmPlugin),Set(Atom(sbt.plugins.MiniDependencyTreePlugin))))
[debug]   :: deduced result: Matched(sbt.plugins.CorePlugin,sbt.plugins.Giter8TemplatePlugin,sbt.plugins.IvyPlugin,sbt.plugins.JvmPlugin,sbt.plugins.MiniDependencyTreePlugin,sbt.plugins.JUnitXmlReportPlugin,sbt.plugins.SemanticdbPlugin)
[debug] Plugins.deducer#function took 4.24612 ms
[info] loading settings for project root from build.sbt ...
[debug]         Load.resolveProject(root) took 11.902782ms
[debug]       Load.loadTransitive: finalizeProject(Project(id root, base: /home/knoldus/SCALA/KUP_Recursion, plugins: List(<none>))) took 21.688774ms
[debug] [Loading] Done in /home/knoldus/SCALA/KUP_Recursion, returning: (root)
[debug]     Load.loadUnit: loadedProjectsRaw took 5012.361069ms
[debug]     Load.loadUnit: cleanEvalClasses took 10.701774ms
[debug]   Load.loadUnit(file:/home/knoldus/SCALA/KUP_Recursion/, ...) took 6084.565797ms
[debug] Load.apply: load took 6088.489446ms
[debug] Load.apply: resolveProjects took 0.160116ms
[debug] Load.apply: finalTransforms took 28.387533ms
[debug] Load.apply: config.delegates took 0.445131ms
[debug] Load.apply: Def.make(settings)... took 236.816286ms
[debug] Load.apply: structureIndex took 100.438942ms
[debug] Load.apply: mkStreams took 0.003395ms
[info] set current project to KUP_Recursion (in build file:/home/knoldus/SCALA/KUP_Recursion/)
[debug] > Exec(sbtPopOnFailure, None, None)
[debug] > Exec(resumeFromFailure, None, None)
[debug] > Exec(notifyUsersAboutShell, None, None)
[debug] > Exec(iflast shell, None, None)
[debug] > Exec(shell, None, None)
[info] sbt server started at local:///home/knoldus/.sbt/1.0/server/8dd06020a06011171cdc/sock
[debug] Writing bsp connection file
[info] started sbt server
